#
# There is insufficient memory for the Java Runtime Environment to continue.
# Native memory allocation (malloc) failed to allocate 1918912 bytes for Chunk::new
# Possible reasons:
#   The system is out of physical RAM or swap space
#   The process is running with CompressedOops enabled, and the Java Heap may be blocking the growth of the native heap
# Possible solutions:
#   Reduce memory load on the system
#   Increase physical memory or swap space
#   Check if swap backing store is full
#   Decrease Java heap size (-Xmx/-Xms)
#   Decrease number of Java threads
#   Decrease Java thread stack sizes (-Xss)
#   Set larger code cache with -XX:ReservedCodeCacheSize=
#   JVM is running with Zero Based Compressed Oops mode in which the Java heap is
#     placed in the first 32GB address space. The Java Heap base address is the
#     maximum limit for the native heap growth. Please use -XX:HeapBaseMinAddress
#     to set the Java Heap base and to place the Java Heap above 32GB virtual address.
# This output file may be truncated or incomplete.
#
#  Out of Memory Error (./open/src/hotspot/share/memory/arena.cpp:195), pid=21508, tid=17776
#
# JRE version: OpenJDK Runtime Environment (15.0.2+7) (build 15.0.2+7-27)
# Java VM: OpenJDK 64-Bit Server VM (15.0.2+7-27, mixed mode, tiered, compressed oops, g1 gc, windows-amd64)
# No core dump will be written. Minidumps are not enabled by default on client versions of Windows
#

---------------  S U M M A R Y ------------

Command Line: -Dfile.encoding=UTF-8 -XX:+ShowCodeDetailsInExceptionMessages tw.nicesport.NiceECommerceApplication

Host: Intel(R) Core(TM) i5-8250U CPU @ 1.60GHz, 8 cores, 19G,  Windows 10 , 64 bit Build 19041 (10.0.19041.1503)
Time: Thu May  5 10:40:00 2022 台北標準時間 elapsed time: 50655.018186 seconds (0d 14h 4m 15s)

---------------  T H R E A D  ---------------

Current thread (0x000001d9821cf9b0):  JavaThread "C2 CompilerThread1" daemon [_thread_in_native, id=17776, stack(0x0000009bbef00000,0x0000009bbf000000)]


Current CompileTask:
C2:50655018 14320       4       org.eclipse.jdt.internal.compiler.flow.FlowContext::checkExceptionHandlers (663 bytes)

Stack: [0x0000009bbef00000,0x0000009bbf000000]
Native frames: (J=compiled Java code, j=interpreted, Vv=VM code, C=native code)
V  [jvm.dll+0x62ae9a]
V  [jvm.dll+0x7817a9]
V  [jvm.dll+0x782f03]
V  [jvm.dll+0x783563]
V  [jvm.dll+0x216325]
V  [jvm.dll+0x97f3a]
V  [jvm.dll+0x9861c]
V  [jvm.dll+0x32e305]
V  [jvm.dll+0x18e3b1]
V  [jvm.dll+0x1ea822]
V  [jvm.dll+0x1e996e]
V  [jvm.dll+0x178567]
V  [jvm.dll+0x1f9225]
V  [jvm.dll+0x1f72cc]
V  [jvm.dll+0x74495d]
V  [jvm.dll+0x73d75a]
V  [jvm.dll+0x629c56]
C  [ucrtbase.dll+0x21bb2]
C  [KERNEL32.DLL+0x17034]
C  [ntdll.dll+0x52651]


---------------  P R O C E S S  ---------------

Threads class SMR info:
_java_thread_list=0x000001d988aa49d0, length=31, elements={
0x000001d9fe96c030, 0x000001d9fe96cae0, 0x000001d9fe9a2950, 0x000001d9fe9a5320,
0x000001d9fe9a6d80, 0x000001d9fe9a9310, 0x000001d9fe9ac4b0, 0x000001d9fe97bc60,
0x000001d9feb29f70, 0x000001d9feb378b0, 0x000001d980d9ee30, 0x000001d980d9e490,
0x000001d980d9d620, 0x000001d980d9be10, 0x000001d9842863c0, 0x000001d984283d40,
0x000001d984288f10, 0x000001d984287bd0, 0x000001d9842898b0, 0x000001d984284bb0,
0x000001d984282060, 0x000001d9842880a0, 0x000001d984285550, 0x000001d984288a40,
0x000001d984285a20, 0x000001d984284210, 0x000001d9842893e0, 0x000001d984285ef0,
0x000001d984287230, 0x000001d9821cf9b0, 0x000001d9821d03d0
}

Java Threads: ( => current thread )
  0x000001d9fe96c030 JavaThread "Reference Handler" daemon [_thread_blocked, id=33748, stack(0x0000009bbf900000,0x0000009bbfa00000)]
  0x000001d9fe96cae0 JavaThread "Finalizer" daemon [_thread_blocked, id=18596, stack(0x0000009bbfa00000,0x0000009bbfb00000)]
  0x000001d9fe9a2950 JavaThread "Signal Dispatcher" daemon [_thread_blocked, id=21692, stack(0x0000009bbfb00000,0x0000009bbfc00000)]
  0x000001d9fe9a5320 JavaThread "Attach Listener" daemon [_thread_blocked, id=21744, stack(0x0000009bbfc00000,0x0000009bbfd00000)]
  0x000001d9fe9a6d80 JavaThread "Service Thread" daemon [_thread_blocked, id=20804, stack(0x0000009bbfd00000,0x0000009bbfe00000)]
  0x000001d9fe9a9310 JavaThread "C2 CompilerThread0" daemon [_thread_blocked, id=18864, stack(0x0000009bbfe00000,0x0000009bbff00000)]
  0x000001d9fe9ac4b0 JavaThread "C1 CompilerThread0" daemon [_thread_blocked, id=31644, stack(0x0000009bbff00000,0x0000009bc0000000)]
  0x000001d9fe97bc60 JavaThread "Sweeper thread" daemon [_thread_blocked, id=15112, stack(0x0000009bc0000000,0x0000009bc0100000)]
  0x000001d9feb29f70 JavaThread "Notification Thread" daemon [_thread_blocked, id=34744, stack(0x0000009bc0100000,0x0000009bc0200000)]
  0x000001d9feb378b0 JavaThread "Common-Cleaner" daemon [_thread_blocked, id=12324, stack(0x0000009bc0300000,0x0000009bc0400000)]
  0x000001d980d9ee30 JavaThread "Catalina-utility-1" [_thread_blocked, id=9304, stack(0x0000009bc0d00000,0x0000009bc0e00000)]
  0x000001d980d9e490 JavaThread "Catalina-utility-2" [_thread_blocked, id=20408, stack(0x0000009bc1100000,0x0000009bc1200000)]
  0x000001d980d9d620 JavaThread "container-0" [_thread_blocked, id=17556, stack(0x0000009bc1200000,0x0000009bc1300000)]
  0x000001d980d9be10 JavaThread "HikariPool-1 housekeeper" daemon [_thread_blocked, id=6488, stack(0x0000009bc1500000,0x0000009bc1600000)]
  0x000001d9842863c0 JavaThread "File Watcher" daemon [_thread_blocked, id=31068, stack(0x0000009bc1600000,0x0000009bc1700000)]
  0x000001d984283d40 JavaThread "Live Reload Server" daemon [_thread_in_native, id=15744, stack(0x0000009bc1800000,0x0000009bc1900000)]
  0x000001d984288f10 JavaThread "http-nio-8080-exec-1" daemon [_thread_blocked, id=32580, stack(0x0000009bc1700000,0x0000009bc1800000)]
  0x000001d984287bd0 JavaThread "http-nio-8080-exec-2" daemon [_thread_blocked, id=32100, stack(0x0000009bc1900000,0x0000009bc1a00000)]
  0x000001d9842898b0 JavaThread "http-nio-8080-exec-3" daemon [_thread_blocked, id=23672, stack(0x0000009bc1a00000,0x0000009bc1b00000)]
  0x000001d984284bb0 JavaThread "http-nio-8080-exec-4" daemon [_thread_blocked, id=11208, stack(0x0000009bc1b00000,0x0000009bc1c00000)]
  0x000001d984282060 JavaThread "http-nio-8080-exec-5" daemon [_thread_blocked, id=21212, stack(0x0000009bc1c00000,0x0000009bc1d00000)]
  0x000001d9842880a0 JavaThread "http-nio-8080-exec-6" daemon [_thread_blocked, id=748, stack(0x0000009bc1d00000,0x0000009bc1e00000)]
  0x000001d984285550 JavaThread "http-nio-8080-exec-7" daemon [_thread_blocked, id=24088, stack(0x0000009bc1e00000,0x0000009bc1f00000)]
  0x000001d984288a40 JavaThread "http-nio-8080-exec-8" daemon [_thread_blocked, id=19000, stack(0x0000009bc1f00000,0x0000009bc2000000)]
  0x000001d984285a20 JavaThread "http-nio-8080-exec-9" daemon [_thread_blocked, id=23968, stack(0x0000009bc2000000,0x0000009bc2100000)]
  0x000001d984284210 JavaThread "http-nio-8080-exec-10" daemon [_thread_blocked, id=31828, stack(0x0000009bc2100000,0x0000009bc2200000)]
  0x000001d9842893e0 JavaThread "http-nio-8080-Poller" daemon [_thread_in_native, id=29028, stack(0x0000009bc2200000,0x0000009bc2300000)]
  0x000001d984285ef0 JavaThread "http-nio-8080-Acceptor" daemon [_thread_in_native, id=32136, stack(0x0000009bc2300000,0x0000009bc2400000)]
  0x000001d984287230 JavaThread "DestroyJavaVM" [_thread_blocked, id=30504, stack(0x0000009bbf200000,0x0000009bbf300000)]
=>0x000001d9821cf9b0 JavaThread "C2 CompilerThread1" daemon [_thread_in_native, id=17776, stack(0x0000009bbef00000,0x0000009bbf000000)]
  0x000001d9821d03d0 JavaThread "C2 CompilerThread2" daemon [_thread_blocked, id=596, stack(0x0000009bbf000000,0x0000009bbf100000)]

Other Threads:
  0x000001d9fe9326b0 VMThread "VM Thread" [stack: 0x0000009bbf800000,0x0000009bbf900000] [id=10180]
  0x000001d9feb2b400 WatcherThread [stack: 0x0000009bc0200000,0x0000009bc0300000] [id=19888]
  0x000001d9dcca8ff0 GCTaskThread "GC Thread#0" [stack: 0x0000009bbf300000,0x0000009bbf400000] [id=28636]
  0x000001d9fee70440 GCTaskThread "GC Thread#1" [stack: 0x0000009bc0500000,0x0000009bc0600000] [id=30572]
  0x000001d9fee71430 GCTaskThread "GC Thread#2" [stack: 0x0000009bc0600000,0x0000009bc0700000] [id=25824]
  0x000001d9fee70dd0 GCTaskThread "GC Thread#3" [stack: 0x0000009bc0700000,0x0000009bc0800000] [id=15924]
  0x000001d9fee71dc0 GCTaskThread "GC Thread#4" [stack: 0x0000009bc0800000,0x0000009bc0900000] [id=6628]
  0x000001d9fee71a90 GCTaskThread "GC Thread#5" [stack: 0x0000009bc0900000,0x0000009bc0a00000] [id=31920]
  0x000001d9fee70770 GCTaskThread "GC Thread#6" [stack: 0x0000009bc0a00000,0x0000009bc0b00000] [id=16504]
  0x000001d9fee71760 GCTaskThread "GC Thread#7" [stack: 0x0000009bc0e00000,0x0000009bc0f00000] [id=32076]
  0x000001d9dccb41d0 ConcurrentGCThread "G1 Main Marker" [stack: 0x0000009bbf400000,0x0000009bbf500000] [id=23064]
  0x000001d9dccb65f0 ConcurrentGCThread "G1 Conc#0" [stack: 0x0000009bbf500000,0x0000009bbf600000] [id=5324]
  0x000001d9809950d0 ConcurrentGCThread "G1 Conc#1" [stack: 0x0000009bc0f00000,0x0000009bc1000000] [id=31292]
  0x000001d9dcd1d790 ConcurrentGCThread "G1 Refine#0" [stack: 0x0000009bbf600000,0x0000009bbf700000] [id=2052]
  0x000001d9dcd1e2b0 ConcurrentGCThread "G1 Young RemSet Sampling" [stack: 0x0000009bbf700000,0x0000009bbf800000] [id=35296]

Threads with active compile tasks:
C2 CompilerThread1  50655102 14320       4       org.eclipse.jdt.internal.compiler.flow.FlowContext::checkExceptionHandlers (663 bytes)

VM state: not at safepoint (normal execution)

VM Mutex/Monitor currently owned by a thread: None

Heap address: 0x00000006c1c00000, size: 5092 MB, Compressed Oops mode: Zero based, Oop shift amount: 3
CDS disabled.
Compressed class space mapped at: 0x0000000800000000-0x0000000840000000, size: 1073741824
Narrow klass base: 0x0000000800000000, Narrow klass shift: 0, Narrow klass range: 0x40000000

GC Precious Log:
 CPUs: 8 total, 8 available
 Memory: 20362M
 Large Page Support: Disabled
 NUMA Support: Disabled
 Compressed Oops: Enabled (Zero based)
 Heap Region Size: 4M
 Heap Min Capacity: 8M
 Heap Initial Capacity: 320M
 Heap Max Capacity: 5092M
 Pre-touch: Disabled
 Parallel Workers: 8
 Concurrent Workers: 2
 Concurrent Refinement Workers: 8
 Periodic GC: Disabled

Heap:
 garbage-first heap   total 172032K, used 100798K [0x00000006c1c00000, 0x0000000800000000)
  region size 4096K, 14 young (57344K), 2 survivors (8192K)
 Metaspace       used 98470K, capacity 99671K, committed 99708K, reserved 1138688K
  class space    used 10939K, capacity 11246K, committed 11264K, reserved 1048576K

Heap Regions: E=young(eden), S=young(survivor), O=old, HS=humongous(starts), HC=humongous(continues), CS=collection set, F=free, OA=open archive, CA=closed archive, TAMS=top-at-mark-start (previous, next)
|   0|0x00000006c1c00000, 0x00000006c2000000, 0x00000006c2000000|100%| O|  |TAMS 0x00000006c2000000, 0x00000006c1c00000| Untracked 
|   1|0x00000006c2000000, 0x00000006c2284600, 0x00000006c2400000| 62%| O|  |TAMS 0x00000006c2284600, 0x00000006c2000000| Untracked 
|   2|0x00000006c2400000, 0x00000006c261da00, 0x00000006c2800000| 52%| O|  |TAMS 0x00000006c261da00, 0x00000006c2400000| Untracked 
|   3|0x00000006c2800000, 0x00000006c2c00000, 0x00000006c2c00000|100%| O|  |TAMS 0x00000006c2c00000, 0x00000006c2800000| Untracked 
|   4|0x00000006c2c00000, 0x00000006c3000000, 0x00000006c3000000|100%| O|  |TAMS 0x00000006c3000000, 0x00000006c2c00000| Untracked 
|   5|0x00000006c3000000, 0x00000006c3400000, 0x00000006c3400000|100%| O|  |TAMS 0x00000006c3286800, 0x00000006c3000000| Untracked 
|   6|0x00000006c3400000, 0x00000006c3800000, 0x00000006c3800000|100%| O|  |TAMS 0x00000006c3400000, 0x00000006c3400000| Untracked 
|   7|0x00000006c3800000, 0x00000006c3c00000, 0x00000006c3c00000|100%| O|  |TAMS 0x00000006c3800000, 0x00000006c3800000| Untracked 
|   8|0x00000006c3c00000, 0x00000006c4000000, 0x00000006c4000000|100%| O|  |TAMS 0x00000006c3c00000, 0x00000006c3c00000| Untracked 
|   9|0x00000006c4000000, 0x00000006c4400000, 0x00000006c4400000|100%| O|  |TAMS 0x00000006c4000000, 0x00000006c4000000| Untracked 
|  10|0x00000006c4400000, 0x00000006c4800000, 0x00000006c4800000|100%| O|  |TAMS 0x00000006c4400000, 0x00000006c4400000| Untracked 
|  11|0x00000006c4800000, 0x00000006c4c00000, 0x00000006c4c00000|100%| O|  |TAMS 0x00000006c4800000, 0x00000006c4800000| Untracked 
|  12|0x00000006c4c00000, 0x00000006c5000000, 0x00000006c5000000|100%| O|  |TAMS 0x00000006c4c00000, 0x00000006c4c00000| Untracked 
|  13|0x00000006c5000000, 0x00000006c53d2600, 0x00000006c5400000| 95%| O|  |TAMS 0x00000006c5000000, 0x00000006c5000000| Untracked 
|  14|0x00000006c5400000, 0x00000006c5400000, 0x00000006c5800000|  0%| F|  |TAMS 0x00000006c5400000, 0x00000006c5400000| Untracked 
|  15|0x00000006c5800000, 0x00000006c5800000, 0x00000006c5c00000|  0%| F|  |TAMS 0x00000006c5800000, 0x00000006c5800000| Untracked 
|  16|0x00000006c5c00000, 0x00000006c5c00000, 0x00000006c6000000|  0%| F|  |TAMS 0x00000006c5c00000, 0x00000006c5c00000| Untracked 
|  17|0x00000006c6000000, 0x00000006c6000000, 0x00000006c6400000|  0%| F|  |TAMS 0x00000006c6000000, 0x00000006c6000000| Untracked 
|  18|0x00000006c6400000, 0x00000006c6400000, 0x00000006c6800000|  0%| F|  |TAMS 0x00000006c6400000, 0x00000006c6400000| Untracked 
|  19|0x00000006c6800000, 0x00000006c6800000, 0x00000006c6c00000|  0%| F|  |TAMS 0x00000006c6800000, 0x00000006c6800000| Untracked 
|  20|0x00000006c6c00000, 0x00000006c6dfb2d8, 0x00000006c7000000| 49%| S|CS|TAMS 0x00000006c6c00000, 0x00000006c6c00000| Complete 
|  21|0x00000006c7000000, 0x00000006c7400000, 0x00000006c7400000|100%| S|CS|TAMS 0x00000006c7000000, 0x00000006c7000000| Complete 
|  22|0x00000006c7400000, 0x00000006c7400000, 0x00000006c7800000|  0%| F|  |TAMS 0x00000006c7400000, 0x00000006c7400000| Untracked 
|  23|0x00000006c7800000, 0x00000006c7800000, 0x00000006c7c00000|  0%| F|  |TAMS 0x00000006c7800000, 0x00000006c7800000| Untracked 
|  24|0x00000006c7c00000, 0x00000006c7c00000, 0x00000006c8000000|  0%| F|  |TAMS 0x00000006c7c00000, 0x00000006c7c00000| Untracked 
|  25|0x00000006c8000000, 0x00000006c8000000, 0x00000006c8400000|  0%| F|  |TAMS 0x00000006c8000000, 0x00000006c8000000| Untracked 
|  26|0x00000006c8400000, 0x00000006c8400000, 0x00000006c8800000|  0%| F|  |TAMS 0x00000006c8400000, 0x00000006c8400000| Untracked 
|  27|0x00000006c8800000, 0x00000006c8800000, 0x00000006c8c00000|  0%| F|  |TAMS 0x00000006c8800000, 0x00000006c8800000| Untracked 
|  28|0x00000006c8c00000, 0x00000006c8c00000, 0x00000006c9000000|  0%| F|  |TAMS 0x00000006c8c00000, 0x00000006c8c00000| Untracked 
|  29|0x00000006c9000000, 0x00000006c9000000, 0x00000006c9400000|  0%| F|  |TAMS 0x00000006c9000000, 0x00000006c9000000| Untracked 
|  30|0x00000006c9400000, 0x00000006c9512b60, 0x00000006c9800000| 26%| E|  |TAMS 0x00000006c9400000, 0x00000006c9400000| Complete 
|  31|0x00000006c9800000, 0x00000006c9c00000, 0x00000006c9c00000|100%| E|CS|TAMS 0x00000006c9800000, 0x00000006c9800000| Complete 
|  32|0x00000006c9c00000, 0x00000006ca000000, 0x00000006ca000000|100%| E|CS|TAMS 0x00000006c9c00000, 0x00000006c9c00000| Complete 
|  33|0x00000006ca000000, 0x00000006ca400000, 0x00000006ca400000|100%| E|CS|TAMS 0x00000006ca000000, 0x00000006ca000000| Complete 
|  34|0x00000006ca400000, 0x00000006ca800000, 0x00000006ca800000|100%| E|CS|TAMS 0x00000006ca400000, 0x00000006ca400000| Complete 
|  35|0x00000006ca800000, 0x00000006cac00000, 0x00000006cac00000|100%| E|  |TAMS 0x00000006ca800000, 0x00000006ca800000| Complete 
|  36|0x00000006cac00000, 0x00000006cb000000, 0x00000006cb000000|100%| E|CS|TAMS 0x00000006cac00000, 0x00000006cac00000| Complete 
|  37|0x00000006cb000000, 0x00000006cb400000, 0x00000006cb400000|100%| E|CS|TAMS 0x00000006cb000000, 0x00000006cb000000| Complete 
|  38|0x00000006cb400000, 0x00000006cb800000, 0x00000006cb800000|100%| E|CS|TAMS 0x00000006cb400000, 0x00000006cb400000| Complete 
|  39|0x00000006cb800000, 0x00000006cbc00000, 0x00000006cbc00000|100%| E|CS|TAMS 0x00000006cb800000, 0x00000006cb800000| Complete 
|  40|0x00000006cbc00000, 0x00000006cc000000, 0x00000006cc000000|100%| E|CS|TAMS 0x00000006cbc00000, 0x00000006cbc00000| Complete 
|  79|0x00000006d5800000, 0x00000006d5c00000, 0x00000006d5c00000|100%| E|CS|TAMS 0x00000006d5800000, 0x00000006d5800000| Complete 

Card table byte_map: [0x000001d9f0390000,0x000001d9f0d90000] _byte_map_base: 0x000001d9ecd82000

Marking Bits (Prev, Next): (CMBitMap*) 0x000001d9dcca98a0, (CMBitMap*) 0x000001d9dcca9860
 Prev Bits: [0x000001d9f6720000, 0x000001d9fb6b0000)
 Next Bits: [0x000001d9f1790000, 0x000001d9f6720000)

Polling page: 0x000001d9daaa0000

Metaspace:

Usage:
  Non-class:     86.35 MB capacity,    85.48 MB ( 99%) used,   754.52 KB ( <1%) free+waste,   139.31 KB ( <1%) overhead. 
      Class:     10.98 MB capacity,    10.68 MB ( 97%) used,   257.33 KB (  2%) free+waste,    49.56 KB ( <1%) overhead. 
       Both:     97.33 MB capacity,    96.16 MB ( 99%) used,  1011.84 KB (  1%) free+waste,   188.88 KB ( <1%) overhead. 

Virtual space:
  Non-class space:       88.00 MB reserved,      86.37 MB ( 98%) committed 
      Class space:        1.00 GB reserved,      11.00 MB (  1%) committed 
             Both:        1.09 GB reserved,      97.37 MB (  9%) committed 

Chunk freelists:
   Non-Class:  19.00 KB
       Class:  18.00 KB
        Both:  37.00 KB

MaxMetaspaceSize: 17179869184.00 GB
CompressedClassSpaceSize: 1.00 GB

CodeHeap 'non-profiled nmethods': size=120000Kb used=9126Kb max_used=9126Kb free=110873Kb
 bounds [0x000001d9e8130000, 0x000001d9e8a20000, 0x000001d9ef660000]
CodeHeap 'profiled nmethods': size=120000Kb used=22538Kb max_used=23933Kb free=97461Kb
 bounds [0x000001d9e0c00000, 0x000001d9e2360000, 0x000001d9e8130000]
CodeHeap 'non-nmethods': size=5760Kb used=1403Kb max_used=1514Kb free=4356Kb
 bounds [0x000001d9e0660000, 0x000001d9e08d0000, 0x000001d9e0c00000]
 total_blobs=12352 nmethods=11649 adapters=611
 compilation: enabled
              stopped_count=0, restarted_count=0
 full_count=0

Compilation events (20 events):
Event: 50654.936 Thread 0x000001d9fe9ac4b0 nmethod 14456 0x000001d9e1f4f890 code [0x000001d9e1f4fa80, 0x000001d9e1f50218]
Event: 50654.936 Thread 0x000001d9fe9ac4b0 14457       3       java.util.Calendar::getDisplayName (165 bytes)
Event: 50654.937 Thread 0x000001d9fe9ac4b0 nmethod 14457 0x000001d9e0f0e290 code [0x000001d9e0f0e540, 0x000001d9e0f0f448]
Event: 50654.937 Thread 0x000001d9fe9ac4b0 14455       3       javax.servlet.ServletRequestWrapper::getContentType (10 bytes)
Event: 50654.938 Thread 0x000001d9fe9ac4b0 nmethod 14455 0x000001d9e1a5ed90 code [0x000001d9e1a5ef40, 0x000001d9e1a5f108]
Event: 50654.938 Thread 0x000001d9fe9ac4b0 14459       3       javax.servlet.http.HttpServletResponseWrapper::getHeaders (11 bytes)
Event: 50654.938 Thread 0x000001d9fe9ac4b0 nmethod 14459 0x000001d9e1b17e10 code [0x000001d9e1b17fc0, 0x000001d9e1b18308]
Event: 50654.938 Thread 0x000001d9fe9ac4b0 14458   !   3       org.springframework.web.context.request.ServletRequestAttributes::getAttribute (76 bytes)
Event: 50654.938 Thread 0x000001d9fe9ac4b0 nmethod 14458 0x000001d9e2216890 code [0x000001d9e2216a80, 0x000001d9e2217068]
Event: 50654.938 Thread 0x000001d9fe9ac4b0 14460       3       org.apache.tomcat.util.http.MimeHeaders::getValue (26 bytes)
Event: 50654.938 Thread 0x000001d9fe9ac4b0 nmethod 14460 0x000001d9e1a5e810 code [0x000001d9e1a5e9c0, 0x000001d9e1a5ebb8]
Event: 50654.938 Thread 0x000001d9fe9ac4b0 14461       3       javax.servlet.ServletResponseWrapper::getOutputStream (10 bytes)
Event: 50654.939 Thread 0x000001d9fe9ac4b0 nmethod 14461 0x000001d9e1838090 code [0x000001d9e1838240, 0x000001d9e1838408]
Event: 50654.940 Thread 0x000001d9fe9ac4b0 14462       3       org.apache.tomcat.util.threads.ThreadPoolExecutor::currentThreadShouldBeStopped (44 bytes)
Event: 50654.940 Thread 0x000001d9fe9ac4b0 nmethod 14462 0x000001d9e1a55a90 code [0x000001d9e1a55c60, 0x000001d9e1a56118]
Event: 50654.940 Thread 0x000001d9fe9ac4b0 14463       3       java.util.concurrent.atomic.AtomicLong::longValue (5 bytes)
Event: 50654.940 Thread 0x000001d9fe9ac4b0 nmethod 14463 0x000001d9e1d50110 code [0x000001d9e1d502a0, 0x000001d9e1d503b8]
Event: 50654.945 Thread 0x000001d9fe9ac4b0 14464       3       org.apache.tomcat.util.http.ValuesEnumerator::hasMoreElements (13 bytes)
Event: 50654.945 Thread 0x000001d9fe9ac4b0 nmethod 14464 0x000001d9e1d9bc90 code [0x000001d9e1d9be20, 0x000001d9e1d9bf78]
Event: 50654.950 Thread 0x000001d9fe9a9310 nmethod 14446 0x000001d9e8a16690 code [0x000001d9e8a168c0, 0x000001d9e8a18b48]

GC Heap History (20 events):
Event: 11.375 GC heap before
{Heap before GC invocations=30 (full 0):
 garbage-first heap   total 143360K, used 105984K [0x00000006c1c00000, 0x0000000800000000)
  region size 4096K, 17 young (69632K), 3 survivors (12288K)
 Metaspace       used 81325K, capacity 82193K, committed 82300K, reserved 1122304K
  class space    used 9616K, capacity 9898K, committed 9984K, reserved 1048576K
}
Event: 11.383 GC heap after
{Heap after GC invocations=31 (full 0):
 garbage-first heap   total 172032K, used 51165K [0x00000006c1c00000, 0x0000000800000000)
  region size 4096K, 2 young (8192K), 2 survivors (8192K)
 Metaspace       used 81325K, capacity 82193K, committed 82300K, reserved 1122304K
  class space    used 9616K, capacity 9898K, committed 9984K, reserved 1048576K
}
Event: 12.181 GC heap before
{Heap before GC invocations=31 (full 0):
 garbage-first heap   total 172032K, used 133085K [0x00000006c1c00000, 0x0000000800000000)
  region size 4096K, 22 young (90112K), 2 survivors (8192K)
 Metaspace       used 88417K, capacity 89291K, committed 89596K, reserved 1128448K
  class space    used 10291K, capacity 10553K, committed 10624K, reserved 1048576K
}
Event: 12.191 GC heap after
{Heap after GC invocations=32 (full 0):
 garbage-first heap   total 172032K, used 54490K [0x00000006c1c00000, 0x0000000800000000)
  region size 4096K, 3 young (12288K), 3 survivors (12288K)
 Metaspace       used 88417K, capacity 89291K, committed 89596K, reserved 1128448K
  class space    used 10291K, capacity 10553K, committed 10624K, reserved 1048576K
}
Event: 103.046 GC heap before
{Heap before GC invocations=32 (full 0):
 garbage-first heap   total 172032K, used 128218K [0x00000006c1c00000, 0x0000000800000000)
  region size 4096K, 22 young (90112K), 3 survivors (12288K)
 Metaspace       used 95565K, capacity 96602K, committed 96892K, reserved 1134592K
  class space    used 10851K, capacity 11152K, committed 11264K, reserved 1048576K
}
Event: 103.064 GC heap after
{Heap after GC invocations=33 (full 0):
 garbage-first heap   total 172032K, used 55927K [0x00000006c1c00000, 0x0000000800000000)
  region size 4096K, 2 young (8192K), 2 survivors (8192K)
 Metaspace       used 95565K, capacity 96602K, committed 96892K, reserved 1134592K
  class space    used 10851K, capacity 11152K, committed 11264K, reserved 1048576K
}
Event: 298.910 GC heap before
{Heap before GC invocations=33 (full 0):
 garbage-first heap   total 172032K, used 129655K [0x00000006c1c00000, 0x0000000800000000)
  region size 4096K, 21 young (86016K), 2 survivors (8192K)
 Metaspace       used 96310K, capacity 97394K, committed 97660K, reserved 1136640K
  class space    used 10855K, capacity 11160K, committed 11264K, reserved 1048576K
}
Event: 298.920 GC heap after
{Heap after GC invocations=34 (full 0):
 garbage-first heap   total 172032K, used 56480K [0x00000006c1c00000, 0x0000000800000000)
  region size 4096K, 2 young (8192K), 2 survivors (8192K)
 Metaspace       used 96310K, capacity 97394K, committed 97660K, reserved 1136640K
  class space    used 10855K, capacity 11160K, committed 11264K, reserved 1048576K
}
Event: 594.093 GC heap before
{Heap before GC invocations=34 (full 0):
 garbage-first heap   total 172032K, used 130208K [0x00000006c1c00000, 0x0000000800000000)
  region size 4096K, 21 young (86016K), 2 survivors (8192K)
 Metaspace       used 96684K, capacity 97799K, committed 97916K, reserved 1136640K
  class space    used 10866K, capacity 11165K, committed 11264K, reserved 1048576K
}
Event: 594.098 GC heap after
{Heap after GC invocations=35 (full 0):
 garbage-first heap   total 172032K, used 57550K [0x00000006c1c00000, 0x0000000800000000)
  region size 4096K, 2 young (8192K), 2 survivors (8192K)
 Metaspace       used 96684K, capacity 97799K, committed 97916K, reserved 1136640K
  class space    used 10866K, capacity 11165K, committed 11264K, reserved 1048576K
}
Event: 11524.302 GC heap before
{Heap before GC invocations=35 (full 0):
 garbage-first heap   total 172032K, used 131278K [0x00000006c1c00000, 0x0000000800000000)
  region size 4096K, 21 young (86016K), 2 survivors (8192K)
 Metaspace       used 97230K, capacity 98359K, committed 98684K, reserved 1136640K
  class space    used 10872K, capacity 11175K, committed 11264K, reserved 1048576K
}
Event: 11524.308 GC heap after
{Heap after GC invocations=36 (full 0):
 garbage-first heap   total 172032K, used 57013K [0x00000006c1c00000, 0x0000000800000000)
  region size 4096K, 1 young (4096K), 1 survivors (4096K)
 Metaspace       used 97230K, capacity 98359K, committed 98684K, reserved 1136640K
  class space    used 10872K, capacity 11175K, committed 11264K, reserved 1048576K
}
Event: 49040.308 GC heap before
{Heap before GC invocations=36 (full 0):
 garbage-first heap   total 172032K, used 138933K [0x00000006c1c00000, 0x0000000800000000)
  region size 4096K, 21 young (86016K), 1 survivors (4096K)
 Metaspace       used 97308K, capacity 98487K, committed 98684K, reserved 1136640K
  class space    used 10872K, capacity 11175K, committed 11264K, reserved 1048576K
}
Event: 49040.313 GC heap after
{Heap after GC invocations=37 (full 0):
 garbage-first heap   total 172032K, used 56827K [0x00000006c1c00000, 0x0000000800000000)
  region size 4096K, 1 young (4096K), 1 survivors (4096K)
 Metaspace       used 97308K, capacity 98487K, committed 98684K, reserved 1136640K
  class space    used 10872K, capacity 11175K, committed 11264K, reserved 1048576K
}
Event: 49696.311 GC heap before
{Heap before GC invocations=37 (full 0):
 garbage-first heap   total 172032K, used 138747K [0x00000006c1c00000, 0x0000000800000000)
  region size 4096K, 21 young (86016K), 1 survivors (4096K)
 Metaspace       used 97314K, capacity 98487K, committed 98684K, reserved 1136640K
  class space    used 10872K, capacity 11175K, committed 11264K, reserved 1048576K
}
Event: 49696.317 GC heap after
{Heap after GC invocations=38 (full 0):
 garbage-first heap   total 172032K, used 56239K [0x00000006c1c00000, 0x0000000800000000)
  region size 4096K, 1 young (4096K), 1 survivors (4096K)
 Metaspace       used 97314K, capacity 98487K, committed 98684K, reserved 1136640K
  class space    used 10872K, capacity 11175K, committed 11264K, reserved 1048576K
}
Event: 50333.790 GC heap before
{Heap before GC invocations=38 (full 0):
 garbage-first heap   total 172032K, used 138159K [0x00000006c1c00000, 0x0000000800000000)
  region size 4096K, 22 young (90112K), 1 survivors (4096K)
 Metaspace       used 97361K, capacity 98557K, committed 98684K, reserved 1136640K
  class space    used 10876K, capacity 11176K, committed 11264K, reserved 1048576K
}
Event: 50333.796 GC heap after
{Heap after GC invocations=39 (full 0):
 garbage-first heap   total 172032K, used 57449K [0x00000006c1c00000, 0x0000000800000000)
  region size 4096K, 1 young (4096K), 1 survivors (4096K)
 Metaspace       used 97361K, capacity 98557K, committed 98684K, reserved 1136640K
  class space    used 10876K, capacity 11176K, committed 11264K, reserved 1048576K
}
Event: 50481.193 GC heap before
{Heap before GC invocations=39 (full 0):
 garbage-first heap   total 172032K, used 135273K [0x00000006c1c00000, 0x0000000800000000)
  region size 4096K, 21 young (86016K), 1 survivors (4096K)
 Metaspace       used 98228K, capacity 99396K, committed 99452K, reserved 1138688K
  class space    used 10926K, capacity 11242K, committed 11264K, reserved 1048576K
}
Event: 50481.198 GC heap after
{Heap after GC invocations=40 (full 0):
 garbage-first heap   total 172032K, used 59838K [0x00000006c1c00000, 0x0000000800000000)
  region size 4096K, 2 young (8192K), 2 survivors (8192K)
 Metaspace       used 98228K, capacity 99396K, committed 99452K, reserved 1138688K
  class space    used 10926K, capacity 11242K, committed 11264K, reserved 1048576K
}

Deoptimization events (20 events):
Event: 50654.582 Thread 0x000001d984285550 DEOPT PACKING pc=0x000001d9e2280eff sp=0x0000009bc1efc340
Event: 50654.582 Thread 0x000001d984285550 DEOPT UNPACKING pc=0x000001d9e06ae23f sp=0x0000009bc1efb8a8 mode 0
Event: 50654.685 Thread 0x000001d984288a40 DEOPT PACKING pc=0x000001d9e1d5c344 sp=0x0000009bc1ffce20
Event: 50654.685 Thread 0x000001d984288a40 DEOPT UNPACKING pc=0x000001d9e06ae23f sp=0x0000009bc1ffc350 mode 0
Event: 50654.723 Thread 0x000001d984288f10 Uncommon trap: trap_request=0xffffffbe fr.pc=0x000001d9e8a105b4 relative=0x0000000000000614
Event: 50654.723 Thread 0x000001d984288f10 Uncommon trap: reason=profile_predicate action=maybe_recompile pc=0x000001d9e8a105b4 method=java.net.URI.quote(Ljava/lang/String;JJ)Ljava/lang/String; @ 27 c2
Event: 50654.723 Thread 0x000001d984288f10 DEOPT PACKING pc=0x000001d9e8a105b4 sp=0x0000009bc17fd1f0
Event: 50654.723 Thread 0x000001d984288f10 DEOPT UNPACKING pc=0x000001d9e06ae42f sp=0x0000009bc17fd160 mode 2
Event: 50654.723 Thread 0x000001d984288f10 Uncommon trap: trap_request=0xffffffbe fr.pc=0x000001d9e8a105b4 relative=0x0000000000000614
Event: 50654.723 Thread 0x000001d984288f10 Uncommon trap: reason=profile_predicate action=maybe_recompile pc=0x000001d9e8a105b4 method=java.net.URI.quote(Ljava/lang/String;JJ)Ljava/lang/String; @ 27 c2
Event: 50654.723 Thread 0x000001d984288f10 DEOPT PACKING pc=0x000001d9e8a105b4 sp=0x0000009bc17fd180
Event: 50654.723 Thread 0x000001d984282060 Uncommon trap: trap_request=0xffffffbe fr.pc=0x000001d9e8a105b4 relative=0x0000000000000614
Event: 50654.723 Thread 0x000001d984288f10 DEOPT UNPACKING pc=0x000001d9e06ae42f sp=0x0000009bc17fd0f0 mode 2
Event: 50654.723 Thread 0x000001d984282060 Uncommon trap: reason=profile_predicate action=maybe_recompile pc=0x000001d9e8a105b4 method=java.net.URI.quote(Ljava/lang/String;JJ)Ljava/lang/String; @ 27 c2
Event: 50654.723 Thread 0x000001d984282060 DEOPT PACKING pc=0x000001d9e8a105b4 sp=0x0000009bc1cfd080
Event: 50654.723 Thread 0x000001d984282060 DEOPT UNPACKING pc=0x000001d9e06ae42f sp=0x0000009bc1cfcff0 mode 2
Event: 50654.723 Thread 0x000001d984288f10 Uncommon trap: trap_request=0xffffffbe fr.pc=0x000001d9e8a105b4 relative=0x0000000000000614
Event: 50654.723 Thread 0x000001d984288f10 Uncommon trap: reason=profile_predicate action=maybe_recompile pc=0x000001d9e8a105b4 method=java.net.URI.quote(Ljava/lang/String;JJ)Ljava/lang/String; @ 27 c2
Event: 50654.723 Thread 0x000001d984288f10 DEOPT PACKING pc=0x000001d9e8a105b4 sp=0x0000009bc17fd190
Event: 50654.723 Thread 0x000001d984288f10 DEOPT UNPACKING pc=0x000001d9e06ae42f sp=0x0000009bc17fd100 mode 2

Classes unloaded (0 events):
No events

Classes redefined (0 events):
No events

Internal exceptions (20 events):
Event: 50333.822 Thread 0x000001d984287bd0 Exception <a 'java/lang/ClassNotFoundException'{0x00000006d5a4cb10}: org/springframework/security/taglibs/authz/AbstractAuthorizeTagBeanInfo> (0x00000006d5a4cb10) 
thrown [./open/src/hotspot/share/classfile/systemDictionary.cpp, line 295]
Event: 50333.826 Thread 0x000001d984287bd0 Exception <a 'java/lang/ClassNotFoundException'{0x00000006d5a55aa8}: org/springframework/security/taglibs/authz/AbstractAuthorizeTagCustomizer> (0x00000006d5a55aa8) 
thrown [./open/src/hotspot/share/classfile/systemDictionary.cpp, line 295]
Event: 50333.829 Thread 0x000001d984287bd0 Exception <a 'java/lang/ClassNotFoundException'{0x00000006d5a659d8}: org/springframework/security/taglibs/authz/JspAuthorizeTagCustomizer> (0x00000006d5a659d8) 
thrown [./open/src/hotspot/share/classfile/systemDictionary.cpp, line 295]
Event: 50334.219 Thread 0x000001d984287bd0 Exception <a 'java/lang/ClassNotFoundException'{0x00000006cb173288}: org/springframework/security/web/servletapi/HttpServlet3RequestFactory$Servlet3SecurityContextHolderAwareRequestWrapperBeanInfo> (0x00000006cb173288) 
thrown [./open/src/hotspot/share/classfile/systemDictionary.cpp, line 295]
Event: 50334.220 Thread 0x000001d984287bd0 Exception <a 'java/lang/ClassNotFoundException'{0x00000006cb17c650}: org/springframework/security/web/servletapi/SecurityContextHolderAwareRequestWrapperBeanInfo> (0x00000006cb17c650) 
thrown [./open/src/hotspot/share/classfile/systemDictionary.cpp, line 295]
Event: 50334.221 Thread 0x000001d984287bd0 Exception <a 'java/lang/ClassNotFoundException'{0x00000006cb185c50}: org/springframework/security/web/servletapi/SecurityContextHolderAwareRequestWrapperCustomizer> (0x00000006cb185c50) 
thrown [./open/src/hotspot/share/classfile/systemDictionary.cpp, line 295]
Event: 50334.221 Thread 0x000001d984287bd0 Implicit null exception at 0x000001d9e875a78b to 0x000001d9e875a860
Event: 50334.232 Thread 0x000001d984287bd0 Exception <a 'java/lang/ClassNotFoundException'{0x00000006cb338028}: org/springframework/security/web/servletapi/HttpServlet3RequestFactory$Servlet3SecurityContextHolderAwareRequestWrapperCustomizer> (0x00000006cb338028) 
thrown [./open/src/hotspot/share/classfile/systemDictionary.cpp, line 295]
Event: 50653.988 Thread 0x000001d984285550 Exception <a 'java/lang/ClassNotFoundException'{0x00000006caa9be18}: org/springframework/web/servlet/tags/form/SelectTagBeanInfo> (0x00000006caa9be18) 
thrown [./open/src/hotspot/share/classfile/systemDictionary.cpp, line 295]
Event: 50653.990 Thread 0x000001d984285550 Exception <a 'java/lang/ClassNotFoundException'{0x00000006caaa3740}: org/springframework/web/servlet/tags/form/SelectTagCustomizer> (0x00000006caaa3740) 
thrown [./open/src/hotspot/share/classfile/systemDictionary.cpp, line 295]
Event: 50654.003 Thread 0x000001d984285550 Exception <a 'java/lang/ClassNotFoundException'{0x00000006caad03a0}: org/springframework/web/servlet/tags/form/OptionTagBeanInfo> (0x00000006caad03a0) 
thrown [./open/src/hotspot/share/classfile/systemDictionary.cpp, line 295]
Event: 50654.005 Thread 0x000001d984285550 Exception <a 'java/lang/ClassNotFoundException'{0x00000006caad8218}: org/springframework/web/servlet/tags/form/AbstractHtmlElementBodyTagBeanInfo> (0x00000006caad8218) 
thrown [./open/src/hotspot/share/classfile/systemDictionary.cpp, line 295]
Event: 50654.007 Thread 0x000001d984285550 Exception <a 'java/lang/ClassNotFoundException'{0x00000006caae0318}: org/springframework/web/servlet/tags/form/AbstractHtmlElementBodyTagCustomizer> (0x00000006caae0318) 
thrown [./open/src/hotspot/share/classfile/systemDictionary.cpp, line 295]
Event: 50654.010 Thread 0x000001d984285550 Exception <a 'java/lang/ClassNotFoundException'{0x00000006caaefd08}: org/springframework/web/servlet/tags/form/OptionTagCustomizer> (0x00000006caaefd08) 
thrown [./open/src/hotspot/share/classfile/systemDictionary.cpp, line 295]
Event: 50654.560 Thread 0x000001d984285550 Exception <a 'java/lang/ClassNotFoundException'{0x00000006c9ff8a50}: java/lang/ObjectCustomizer> (0x00000006c9ff8a50) 
thrown [./open/src/hotspot/share/classfile/systemDictionary.cpp, line 295]
Event: 50654.567 Thread 0x000001d984285550 Exception <a 'java/lang/ClassNotFoundException'{0x00000006c9804f68}: tw/nicesport/model/CustomerBeanCustomizer> (0x00000006c9804f68) 
thrown [./open/src/hotspot/share/classfile/systemDictionary.cpp, line 295]
Event: 50654.816 Thread 0x000001d984285a20 Exception <a 'java/net/SocketException'{0x00000006c9a64a88}: Connection reset by peer: shutdown> (0x00000006c9a64a88) 
thrown [./open/src/hotspot/share/prims/jni.cpp, line 599]
Event: 50654.871 Thread 0x000001d984284bb0 Exception <a 'java/io/IOException'{0x00000006c9b577a0}> (0x00000006c9b577a0) 
thrown [./open/src/hotspot/share/prims/jni.cpp, line 578]
Event: 50654.884 Thread 0x000001d984284bb0 Exception <a 'java/io/IOException'{0x00000006c944b6b0}> (0x00000006c944b6b0) 
thrown [./open/src/hotspot/share/prims/jni.cpp, line 578]
Event: 50654.949 Thread 0x000001d984288f10 Exception <a 'java/io/IOException'{0x00000006c94ee0e0}> (0x00000006c94ee0e0) 
thrown [./open/src/hotspot/share/prims/jni.cpp, line 578]

Events (20 events):
Event: 50460.734 Thread 0x000001d985cf5870 Thread added: 0x000001d985cf5870
Event: 50460.735 Thread 0x000001d985cf7550 Thread added: 0x000001d985cf7550
Event: 50470.159 Thread 0x000001d985cf5870 Thread exited: 0x000001d985cf5870
Event: 50470.185 Thread 0x000001d985cf7550 Thread exited: 0x000001d985cf7550
Event: 50470.871 Thread 0x000001d985cf7a20 Thread added: 0x000001d985cf7a20
Event: 50470.871 Thread 0x000001d985cf7550 Thread added: 0x000001d985cf7550
Event: 50481.193 Executing VM operation: G1CollectForAllocation
Event: 50481.198 Executing VM operation: G1CollectForAllocation done
Event: 50486.189 Thread 0x000001d985cf7a20 Thread exited: 0x000001d985cf7a20
Event: 50486.215 Thread 0x000001d985cf7550 Thread exited: 0x000001d985cf7550
Event: 50653.955 Thread 0x000001d9821cf9b0 Thread added: 0x000001d9821cf9b0
Event: 50654.173 Thread 0x000001d9821d03d0 Thread added: 0x000001d9821d03d0
Event: 50654.558 loading class java/lang/ObjectCustomizer
Event: 50654.558 loading class java/lang/ObjectCustomizer done
Event: 50654.560 loading class java/lang/ObjectCustomizer
Event: 50654.560 loading class java/lang/ObjectCustomizer done
Event: 50654.570 loading class java/lang/StringEditor
Event: 50654.570 loading class java/lang/StringEditor done
Event: 50654.949 loading class sun/net/ConnectionResetException
Event: 50654.949 loading class sun/net/ConnectionResetException done


Dynamic libraries:
0x00007ff693810000 - 0x00007ff69381d000 	D:\Nice_eCommerceLast\eclipse\plugins\org.eclipse.justj.openjdk.hotspot.jre.full.win32.x86_64_15.0.2.v20210201-0955\jre\bin\javaw.exe
0x00007ffdc7bf0000 - 0x00007ffdc7de5000 	C:\WINDOWS\SYSTEM32\ntdll.dll
0x00007ffdc72f0000 - 0x00007ffdc73ae000 	C:\WINDOWS\System32\KERNEL32.DLL
0x00007ffdc5970000 - 0x00007ffdc5c38000 	C:\WINDOWS\System32\KERNELBASE.dll
0x00007ffdc5870000 - 0x00007ffdc5970000 	C:\WINDOWS\System32\ucrtbase.dll
0x00007ffdbd330000 - 0x00007ffdbd348000 	D:\Nice_eCommerceLast\eclipse\plugins\org.eclipse.justj.openjdk.hotspot.jre.full.win32.x86_64_15.0.2.v20210201-0955\jre\bin\jli.dll
0x00007ffdb14f0000 - 0x00007ffdb1509000 	D:\Nice_eCommerceLast\eclipse\plugins\org.eclipse.justj.openjdk.hotspot.jre.full.win32.x86_64_15.0.2.v20210201-0955\jre\bin\VCRUNTIME140.dll
0x00007ffdc7a10000 - 0x00007ffdc7bb0000 	C:\WINDOWS\System32\USER32.dll
0x00007ffdc54e0000 - 0x00007ffdc5502000 	C:\WINDOWS\System32\win32u.dll
0x00007ffdbc5f0000 - 0x00007ffdbc88a000 	C:\WINDOWS\WinSxS\amd64_microsoft.windows.common-controls_6595b64144ccf1df_6.0.19041.1110_none_60b5254171f9507e\COMCTL32.dll
0x00007ffdc5ea0000 - 0x00007ffdc5ecb000 	C:\WINDOWS\System32\GDI32.dll
0x00007ffdc7250000 - 0x00007ffdc72ee000 	C:\WINDOWS\System32\msvcrt.dll
0x00007ffdc5760000 - 0x00007ffdc586d000 	C:\WINDOWS\System32\gdi32full.dll
0x00007ffdc56c0000 - 0x00007ffdc575d000 	C:\WINDOWS\System32\msvcp_win.dll
0x00007ffdc6260000 - 0x00007ffdc6290000 	C:\WINDOWS\System32\IMM32.DLL
0x00007ffdc07b0000 - 0x00007ffdc07bc000 	D:\Nice_eCommerceLast\eclipse\plugins\org.eclipse.justj.openjdk.hotspot.jre.full.win32.x86_64_15.0.2.v20210201-0955\jre\bin\vcruntime140_1.dll
0x00007ffd85440000 - 0x00007ffd854d1000 	D:\Nice_eCommerceLast\eclipse\plugins\org.eclipse.justj.openjdk.hotspot.jre.full.win32.x86_64_15.0.2.v20210201-0955\jre\bin\msvcp140.dll
0x00007ffd44cd0000 - 0x00007ffd4582e000 	D:\Nice_eCommerceLast\eclipse\plugins\org.eclipse.justj.openjdk.hotspot.jre.full.win32.x86_64_15.0.2.v20210201-0955\jre\bin\server\jvm.dll
0x00007ffdc71a0000 - 0x00007ffdc724e000 	C:\WINDOWS\System32\ADVAPI32.dll
0x00007ffdc6160000 - 0x00007ffdc61fc000 	C:\WINDOWS\System32\sechost.dll
0x00007ffdc65f0000 - 0x00007ffdc6715000 	C:\WINDOWS\System32\RPCRT4.dll
0x00007ffdc6150000 - 0x00007ffdc6158000 	C:\WINDOWS\System32\PSAPI.DLL
0x00007ffda1150000 - 0x00007ffda1177000 	C:\WINDOWS\SYSTEM32\WINMM.dll
0x00007ffdb08f0000 - 0x00007ffdb08f9000 	C:\WINDOWS\SYSTEM32\WSOCK32.dll
0x00007ffdc68a0000 - 0x00007ffdc690b000 	C:\WINDOWS\System32\WS2_32.dll
0x00007ffdbd870000 - 0x00007ffdbd87a000 	C:\WINDOWS\SYSTEM32\VERSION.dll
0x00007ffdc3b80000 - 0x00007ffdc3b92000 	C:\WINDOWS\SYSTEM32\kernel.appcore.dll
0x00007ffdc0710000 - 0x00007ffdc071a000 	D:\Nice_eCommerceLast\eclipse\plugins\org.eclipse.justj.openjdk.hotspot.jre.full.win32.x86_64_15.0.2.v20210201-0955\jre\bin\jimage.dll
0x00007ffdc30e0000 - 0x00007ffdc32c4000 	C:\WINDOWS\SYSTEM32\DBGHELP.DLL
0x00007ffdb0fb0000 - 0x00007ffdb0fdc000 	C:\WINDOWS\SYSTEM32\dbgcore.DLL
0x00007ffdc55c0000 - 0x00007ffdc5642000 	C:\WINDOWS\System32\bcryptPrimitives.dll
0x00007ffd983f0000 - 0x00007ffd98415000 	D:\Nice_eCommerceLast\eclipse\plugins\org.eclipse.justj.openjdk.hotspot.jre.full.win32.x86_64_15.0.2.v20210201-0955\jre\bin\java.dll
0x00007ffdb0080000 - 0x00007ffdb0098000 	D:\Nice_eCommerceLast\eclipse\plugins\org.eclipse.justj.openjdk.hotspot.jre.full.win32.x86_64_15.0.2.v20210201-0955\jre\bin\zip.dll
0x00007ffdc6990000 - 0x00007ffdc70d4000 	C:\WINDOWS\System32\SHELL32.dll
0x00007ffdc33d0000 - 0x00007ffdc3b64000 	C:\WINDOWS\SYSTEM32\windows.storage.dll
0x00007ffdc6290000 - 0x00007ffdc65e5000 	C:\WINDOWS\System32\combase.dll
0x00007ffdc4d50000 - 0x00007ffdc4d7e000 	C:\WINDOWS\SYSTEM32\Wldp.dll
0x00007ffdc5c40000 - 0x00007ffdc5ced000 	C:\WINDOWS\System32\SHCORE.dll
0x00007ffdc7140000 - 0x00007ffdc7195000 	C:\WINDOWS\System32\shlwapi.dll
0x00007ffdc5240000 - 0x00007ffdc525f000 	C:\WINDOWS\SYSTEM32\profapi.dll
0x00007ffd9baa0000 - 0x00007ffd9bab9000 	D:\Nice_eCommerceLast\eclipse\plugins\org.eclipse.justj.openjdk.hotspot.jre.full.win32.x86_64_15.0.2.v20210201-0955\jre\bin\net.dll
0x00007ffdb2d10000 - 0x00007ffdb2e1c000 	C:\WINDOWS\SYSTEM32\WINHTTP.dll
0x00007ffdc4ab0000 - 0x00007ffdc4b1a000 	C:\WINDOWS\system32\mswsock.dll
0x00007ffd99710000 - 0x00007ffd99722000 	D:\Nice_eCommerceLast\eclipse\plugins\org.eclipse.justj.openjdk.hotspot.jre.full.win32.x86_64_15.0.2.v20210201-0955\jre\bin\nio.dll
0x00007ffdc0700000 - 0x00007ffdc0710000 	D:\Nice_eCommerceLast\eclipse\plugins\org.eclipse.justj.openjdk.hotspot.jre.full.win32.x86_64_15.0.2.v20210201-0955\jre\bin\verify.dll
0x00007ffdbd4b0000 - 0x00007ffdbd4b9000 	D:\Nice_eCommerceLast\eclipse\plugins\org.eclipse.justj.openjdk.hotspot.jre.full.win32.x86_64_15.0.2.v20210201-0955\jre\bin\management.dll
0x00007ffdbd320000 - 0x00007ffdbd32b000 	D:\Nice_eCommerceLast\eclipse\plugins\org.eclipse.justj.openjdk.hotspot.jre.full.win32.x86_64_15.0.2.v20210201-0955\jre\bin\management_ext.dll
0x00007ffdc0810000 - 0x00007ffdc0827000 	C:\WINDOWS\system32\napinsp.dll
0x00007ffdc07f0000 - 0x00007ffdc080b000 	C:\WINDOWS\system32\pnrpnsp.dll
0x00007ffdbf7d0000 - 0x00007ffdbf7e5000 	C:\WINDOWS\system32\wshbth.dll
0x00007ffdc04a0000 - 0x00007ffdc04bd000 	C:\WINDOWS\system32\NLAapi.dll
0x00007ffdc4730000 - 0x00007ffdc476b000 	C:\WINDOWS\SYSTEM32\IPHLPAPI.DLL
0x00007ffdc47a0000 - 0x00007ffdc486b000 	C:\WINDOWS\SYSTEM32\DNSAPI.dll
0x00007ffdc7450000 - 0x00007ffdc7458000 	C:\WINDOWS\System32\NSI.dll
0x00007ffdc07d0000 - 0x00007ffdc07e2000 	C:\WINDOWS\System32\winrnr.dll
0x00007ffdb2a70000 - 0x00007ffdb2a7a000 	C:\Windows\System32\rasadhlp.dll
0x00007ffdb2fd0000 - 0x00007ffdb304f000 	C:\WINDOWS\System32\fwpuclnt.dll
0x00007ffdc54b0000 - 0x00007ffdc54d7000 	C:\WINDOWS\System32\bcrypt.dll
0x00007ffdc4ca0000 - 0x00007ffdc4cb8000 	C:\WINDOWS\SYSTEM32\CRYPTSP.dll
0x00007ffdc43c0000 - 0x00007ffdc43f4000 	C:\WINDOWS\system32\rsaenh.dll
0x00007ffdc5200000 - 0x00007ffdc522e000 	C:\WINDOWS\SYSTEM32\USERENV.dll
0x00007ffdc4cc0000 - 0x00007ffdc4ccc000 	C:\WINDOWS\SYSTEM32\CRYPTBASE.dll
0x00007ffdbc1c0000 - 0x00007ffdbc1d7000 	C:\WINDOWS\SYSTEM32\dhcpcsvc6.DLL
0x00007ffdbcf30000 - 0x00007ffdbcf4d000 	C:\WINDOWS\SYSTEM32\dhcpcsvc.DLL
0x00007ffdc06e0000 - 0x00007ffdc06ed000 	D:\Nice_eCommerceLast\eclipse\plugins\org.eclipse.justj.openjdk.hotspot.jre.full.win32.x86_64_15.0.2.v20210201-0955\jre\bin\sunmscapi.dll
0x00007ffdc5350000 - 0x00007ffdc54a6000 	C:\WINDOWS\System32\CRYPT32.dll
0x00007ffdc4dc0000 - 0x00007ffdc4de7000 	C:\WINDOWS\SYSTEM32\ncrypt.dll
0x00007ffdc4d80000 - 0x00007ffdc4dbb000 	C:\WINDOWS\SYSTEM32\NTASN1.dll

dbghelp: loaded successfully - version: 4.0.5 - missing functions: none
symbol engine: initialized successfully - sym options: 0x614 - pdb path: .;D:\Nice_eCommerceLast\eclipse\plugins\org.eclipse.justj.openjdk.hotspot.jre.full.win32.x86_64_15.0.2.v20210201-0955\jre\bin;C:\WINDOWS\SYSTEM32;C:\WINDOWS\WinSxS\amd64_microsoft.windows.common-controls_6595b64144ccf1df_6.0.19041.1110_none_60b5254171f9507e;D:\Nice_eCommerceLast\eclipse\plugins\org.eclipse.justj.openjdk.hotspot.jre.full.win32.x86_64_15.0.2.v20210201-0955\jre\bin\server

VM Arguments:
jvm_args: -Dfile.encoding=UTF-8 -XX:+ShowCodeDetailsInExceptionMessages 
java_command: tw.nicesport.NiceECommerceApplication
java_class_path (initial): D:\Nice_eCommerce_Project\Nice_eCommerce\target\classes;D:\Nice_eCommerce_Project\Nice_eCommerce\mailsource\javax.mail (1).jar;C:\DataSource\maven_download\repository\org\springframework\boot\spring-boot-starter-web\2.6.6\spring-boot-starter-web-2.6.6.jar;C:\DataSource\maven_download\repository\org\springframework\boot\spring-boot-starter\2.6.6\spring-boot-starter-2.6.6.jar;C:\DataSource\maven_download\repository\org\springframework\boot\spring-boot-starter-logging\2.6.6\spring-boot-starter-logging-2.6.6.jar;C:\DataSource\maven_download\repository\ch\qos\logback\logback-classic\1.2.11\logback-classic-1.2.11.jar;C:\DataSource\maven_download\repository\ch\qos\logback\logback-core\1.2.11\logback-core-1.2.11.jar;C:\DataSource\maven_download\repository\org\apache\logging\log4j\log4j-to-slf4j\2.17.2\log4j-to-slf4j-2.17.2.jar;C:\DataSource\maven_download\repository\org\apache\logging\log4j\log4j-api\2.17.2\log4j-api-2.17.2.jar;C:\DataSource\maven_download\repository\org\slf4j\jul-to-slf4j\1.7.36\jul-to-slf4j-1.7.36.jar;C:\DataSource\maven_download\repository\jakarta\annotation\jakarta.annotation-api\1.3.5\jakarta.annotation-api-1.3.5.jar;C:\DataSource\maven_download\repository\org\yaml\snakeyaml\1.29\snakeyaml-1.29.jar;C:\DataSource\maven_download\repository\org\springframework\boot\spring-boot-starter-json\2.6.6\spring-boot-starter-json-2.6.6.jar;C:\DataSource\maven_download\repository\com\fasterxml\jackson\datatype\jackson-datatype-jdk8\2.13.2\jackson-datatype-jdk8-2.13.2.jar;C:\DataSource\maven_download\repository\com\fasterxml\jackson\datatype\jackson-datatype-jsr310\2.13.2\jackson-datatype-jsr310-2.13.2.jar;C:\DataSource\maven_download\repository\com\fasterxml\jackson\module\jackson-module-parameter-names\2.13.2\jackson-module-parameter-names-2.13.2.jar;C:\DataSource\maven_download\repository\org\springframework\boot\spring-boot-starter-tomcat\2.6.6\spring-boot-starter-tomcat-2.6.6.jar;C:\DataSource\maven_download\repository\org\apache\tom
Launcher Type: SUN_STANDARD

[Global flags]
     intx CICompilerCount                          = 4                                         {product} {ergonomic}
     uint ConcGCThreads                            = 2                                         {product} {ergonomic}
     uint G1ConcRefinementThreads                  = 8                                         {product} {ergonomic}
   size_t G1HeapRegionSize                         = 4194304                                   {product} {ergonomic}
    uintx GCDrainStackTargetSize                   = 64                                        {product} {ergonomic}
   size_t InitialHeapSize                          = 335544320                                 {product} {ergonomic}
   size_t MarkStackSize                            = 4194304                                   {product} {ergonomic}
   size_t MaxHeapSize                              = 5339348992                                {product} {ergonomic}
   size_t MaxNewSize                               = 3200253952                                {product} {ergonomic}
   size_t MinHeapDeltaBytes                        = 4194304                                   {product} {ergonomic}
   size_t MinHeapSize                              = 8388608                                   {product} {ergonomic}
    uintx NonNMethodCodeHeapSize                   = 5839372                                {pd product} {ergonomic}
    uintx NonProfiledCodeHeapSize                  = 122909434                              {pd product} {ergonomic}
    uintx ProfiledCodeHeapSize                     = 122909434                              {pd product} {ergonomic}
    uintx ReservedCodeCacheSize                    = 251658240                              {pd product} {ergonomic}
     bool SegmentedCodeCache                       = true                                      {product} {ergonomic}
     bool ShowCodeDetailsInExceptionMessages       = true                                   {manageable} {command line}
   size_t SoftMaxHeapSize                          = 5339348992                             {manageable} {ergonomic}
     bool UseCompressedClassPointers               = true                                 {lp64_product} {ergonomic}
     bool UseCompressedOops                        = true                                 {lp64_product} {ergonomic}
     bool UseG1GC                                  = true                                      {product} {ergonomic}
     bool UseLargePagesIndividualAllocation        = false                                  {pd product} {ergonomic}

Logging:
Log output configuration:
 #0: stdout all=warning uptime,level,tags
 #1: stderr all=off uptime,level,tags

Environment Variables:
JAVA_HOME=C:\Program Files\openJDK11\jdk-11.0.13.8-openj9\bin
PATH=C:/SPRING/eclipse//plugins/org.eclipse.justj.openjdk.hotspot.jre.full.win32.x86_64_15.0.2.v20210201-0955/jre/bin/server;C:/SPRING/eclipse//plugins/org.eclipse.justj.openjdk.hotspot.jre.full.win32.x86_64_15.0.2.v20210201-0955/jre/bin;C:\Program Files\Microsoft MPI\Bin\;%JAVA_HOME%\bin;C:\Program Files (x86)\Intel\iCLS Client\;C:\Program Files\Intel\iCLS Client\;C:\Windows\system32;C:\Windows;C:\Windows\System32\Wbem;C:\Windows\System32\WindowsPowerShell\v1.0\;C:\Program Files (x86)\Intel\Intel(R) Management Engine Components\DAL;C:\Program Files\Intel\Intel(R) Management Engine Components\DAL;C:\Program Files (x86)\Intel\Intel(R) Management Engine Components\IPT;C:\Program Files\Intel\Intel(R) Management Engine Components\IPT;C:\Program Files (x86)\NVIDIA Corporation\PhysX\Common;C:\WINDOWS\system32;C:\WINDOWS;C:\WINDOWS\System32\Wbem;C:\WINDOWS\System32\WindowsPowerShell\v1.0\;C:\WINDOWS\System32\OpenSSH\;C:\Program Files (x86)\Microsoft SQL Server\150\DTS\Binn\;C:\Program Files\Azure Data Studio\bin;C:\Program Files\Microsoft SQL Server\Client SDK\ODBC\170\Tools\Binn\;C:\Program Files (x86)\Microsoft SQL Server\150\Tools\Binn\;C:\Program Files\Microsoft SQL Server\150\Tools\Binn\;C:\Program Files\Microsoft SQL Server\150\DTS\Binn\;C:\Program Files\Git\cmd;C:\Users\John\AppData\Local\Microsoft\WindowsApps;;C:\Users\John\Downloads\Microsoft VS Code\bin;C:\Program Files\Azure Data Studio\bin;C:\SPRING\eclipse;
USERNAME=John
OS=Windows_NT
PROCESSOR_IDENTIFIER=Intel64 Family 6 Model 142 Stepping 10, GenuineIntel



---------------  S Y S T E M  ---------------

OS:
 Windows 10 , 64 bit Build 19041 (10.0.19041.1503)
OS uptime: 57 days 17:17 hours

CPU: total 8 (initial active 8) (4 cores per cpu, 2 threads per core) family 6 model 142 stepping 10 microcode 0xb4, cmov, cx8, fxsr, mmx, sse, sse2, sse3, ssse3, sse4.1, sse4.2, popcnt, vzeroupper, avx, avx2, aes, clmul, erms, 3dnowpref, lzcnt, ht, tsc, tscinvbit, bmi1, bmi2, adx, fma, clflush, clflushopt

Memory: 4k page, system-wide physical 20362M (6613M free)
TotalPageFile size 35491M (AvailPageFile size 395M)
current process WorkingSet (physical memory assigned to process): 328M, peak: 454M
current process commit charge ("private bytes"): 476M, peak: 493M

vm_info: OpenJDK 64-Bit Server VM (15.0.2+7-27) for windows-amd64 JRE (15.0.2+7-27), built on Dec  7 2020 20:02:38 by "mach5one" with unknown MS VC++:1925

END.
